[INFO  - 2017-02-24T20:00:46.988Z] GhostDriver - Main - running on port 15493
[INFO  - 2017-02-24T20:00:47.457Z] Session [eee292b0-facb-11e6-a74a-95370edfd445] - page.settings - {"XSSAuditingEnabled":false,"javascriptCanCloseWindows":true,"javascriptCanOpenWindows":true,"javascriptEnabled":true,"loadImages":true,"localToRemoteUrlAccessEnabled":false,"userAgent":"Mozilla/5.0 (Macintosh; Intel Mac OS X) AppleWebKit/538.1 (KHTML, like Gecko) PhantomJS/2.1.1 Safari/538.1","webSecurityEnabled":true}
[INFO  - 2017-02-24T20:00:47.458Z] Session [eee292b0-facb-11e6-a74a-95370edfd445] - page.customHeaders:  - {}
[INFO  - 2017-02-24T20:00:47.458Z] Session [eee292b0-facb-11e6-a74a-95370edfd445] - Session.negotiatedCapabilities - {"browserName":"phantomjs","version":"2.1.1","driverName":"ghostdriver","driverVersion":"1.2.0","platform":"mac-10.11 (El Capitan)-64bit","javascriptEnabled":true,"takesScreenshot":true,"handlesAlerts":false,"databaseEnabled":false,"locationContextEnabled":false,"applicationCacheEnabled":false,"browserConnectionEnabled":false,"cssSelectorsEnabled":true,"webStorageEnabled":false,"rotatable":false,"acceptSslCerts":false,"nativeEvents":true,"proxy":{"proxyType":"direct"}}
[INFO  - 2017-02-24T20:00:47.458Z] SessionManagerReqHand - _postNewSessionCommand - New Session Created: eee292b0-facb-11e6-a74a-95370edfd445
[ERROR - 2017-02-24T20:00:57.605Z] Session [eee292b0-facb-11e6-a74a-95370edfd445] - page.onError - msg: ReferenceError: Can't find variable: $zopim
[ERROR - 2017-02-24T20:00:57.605Z] Session [eee292b0-facb-11e6-a74a-95370edfd445] - page.onError - stack:
  global code (https://cueconnect.com/features/:1)
  insertBefore (:0)
  (anonymous function) (https://www.googletagmanager.com/gtm.js?id=GTM-MGLVFQH:62)
  bi (https://www.googletagmanager.com/gtm.js?id=GTM-MGLVFQH:64)
  Gf (https://www.googletagmanager.com/gtm.js?id=GTM-MGLVFQH:35)
  (anonymous function) (https://www.googletagmanager.com/gtm.js?id=GTM-MGLVFQH:89)
  kg (https://www.googletagmanager.com/gtm.js?id=GTM-MGLVFQH:91)
  tg (https://www.googletagmanager.com/gtm.js?id=GTM-MGLVFQH:44)
  ug (https://www.googletagmanager.com/gtm.js?id=GTM-MGLVFQH:44)
[ERROR - 2017-02-24T20:00:58.940Z] Session [eee292b0-facb-11e6-a74a-95370edfd445] - page.onError - msg: ReferenceError: Can't find variable: $zopim
[ERROR - 2017-02-24T20:00:58.941Z] Session [eee292b0-facb-11e6-a74a-95370edfd445] - page.onError - stack:
  global code (https://cueconnect.com/:1)
  insertBefore (:0)
  (anonymous function) (https://www.googletagmanager.com/gtm.js?id=GTM-MGLVFQH:62)
  bi (https://www.googletagmanager.com/gtm.js?id=GTM-MGLVFQH:64)
  Gf (https://www.googletagmanager.com/gtm.js?id=GTM-MGLVFQH:35)
  (anonymous function) (https://www.googletagmanager.com/gtm.js?id=GTM-MGLVFQH:89)
  kg (https://www.googletagmanager.com/gtm.js?id=GTM-MGLVFQH:91)
  tg (https://www.googletagmanager.com/gtm.js?id=GTM-MGLVFQH:44)
  ug (https://www.googletagmanager.com/gtm.js?id=GTM-MGLVFQH:44)
[ERROR - 2017-02-24T20:00:59.706Z] WebElementLocator - _handleLocateCommand - Element(s) NOT Found: GAVE UP. Search Stop Time: 1487966459669
[ERROR - 2017-02-24T20:01:03.043Z] Session [eee292b0-facb-11e6-a74a-95370edfd445] - page.onError - msg: ReferenceError: Can't find variable: $zopim
[ERROR - 2017-02-24T20:01:03.043Z] Session [eee292b0-facb-11e6-a74a-95370edfd445] - page.onError - stack:
  global code (https://cueconnect.com/benefits/#transform-traffic:1)
  insertBefore (:0)
  (anonymous function) (https://www.googletagmanager.com/gtm.js?id=GTM-MGLVFQH:62)
  bi (https://www.googletagmanager.com/gtm.js?id=GTM-MGLVFQH:64)
  Gf (https://www.googletagmanager.com/gtm.js?id=GTM-MGLVFQH:35)
  (anonymous function) (https://www.googletagmanager.com/gtm.js?id=GTM-MGLVFQH:89)
  kg (https://www.googletagmanager.com/gtm.js?id=GTM-MGLVFQH:91)
  tg (https://www.googletagmanager.com/gtm.js?id=GTM-MGLVFQH:44)
  ug (https://www.googletagmanager.com/gtm.js?id=GTM-MGLVFQH:44)
[INFO  - 2017-02-24T20:01:29.816Z] GhostDriver - Main - running on port 22479
[INFO  - 2017-02-24T20:01:30.205Z] Session [085d3f60-facc-11e6-bda2-1734d37c73d6] - page.settings - {"XSSAuditingEnabled":false,"javascriptCanCloseWindows":true,"javascriptCanOpenWindows":true,"javascriptEnabled":true,"loadImages":true,"localToRemoteUrlAccessEnabled":false,"userAgent":"Mozilla/5.0 (Macintosh; Intel Mac OS X) AppleWebKit/538.1 (KHTML, like Gecko) PhantomJS/2.1.1 Safari/538.1","webSecurityEnabled":true}
[INFO  - 2017-02-24T20:01:30.205Z] Session [085d3f60-facc-11e6-bda2-1734d37c73d6] - page.customHeaders:  - {}
[INFO  - 2017-02-24T20:01:30.205Z] Session [085d3f60-facc-11e6-bda2-1734d37c73d6] - Session.negotiatedCapabilities - {"browserName":"phantomjs","version":"2.1.1","driverName":"ghostdriver","driverVersion":"1.2.0","platform":"mac-10.11 (El Capitan)-64bit","javascriptEnabled":true,"takesScreenshot":true,"handlesAlerts":false,"databaseEnabled":false,"locationContextEnabled":false,"applicationCacheEnabled":false,"browserConnectionEnabled":false,"cssSelectorsEnabled":true,"webStorageEnabled":false,"rotatable":false,"acceptSslCerts":false,"nativeEvents":true,"proxy":{"proxyType":"direct"}}
[INFO  - 2017-02-24T20:01:30.206Z] SessionManagerReqHand - _postNewSessionCommand - New Session Created: 085d3f60-facc-11e6-bda2-1734d37c73d6
[ERROR - 2017-02-24T20:01:41.441Z] Session [085d3f60-facc-11e6-bda2-1734d37c73d6] - page.onError - msg: ReferenceError: Can't find variable: $zopim
[ERROR - 2017-02-24T20:01:41.441Z] Session [085d3f60-facc-11e6-bda2-1734d37c73d6] - page.onError - stack:
  global code (https://cueconnect.com/features/:1)
  insertBefore (:0)
  (anonymous function) (https://www.googletagmanager.com/gtm.js?id=GTM-MGLVFQH:62)
  bi (https://www.googletagmanager.com/gtm.js?id=GTM-MGLVFQH:64)
  Gf (https://www.googletagmanager.com/gtm.js?id=GTM-MGLVFQH:35)
  (anonymous function) (https://www.googletagmanager.com/gtm.js?id=GTM-MGLVFQH:89)
  kg (https://www.googletagmanager.com/gtm.js?id=GTM-MGLVFQH:91)
  tg (https://www.googletagmanager.com/gtm.js?id=GTM-MGLVFQH:44)
  ug (https://www.googletagmanager.com/gtm.js?id=GTM-MGLVFQH:44)
[ERROR - 2017-02-24T20:01:42.797Z] Session [085d3f60-facc-11e6-bda2-1734d37c73d6] - page.onError - msg: ReferenceError: Can't find variable: $zopim
[ERROR - 2017-02-24T20:01:42.798Z] Session [085d3f60-facc-11e6-bda2-1734d37c73d6] - page.onError - stack:
  global code (https://cueconnect.com/:1)
  insertBefore (:0)
  (anonymous function) (https://www.googletagmanager.com/gtm.js?id=GTM-MGLVFQH:62)
  bi (https://www.googletagmanager.com/gtm.js?id=GTM-MGLVFQH:64)
  Gf (https://www.googletagmanager.com/gtm.js?id=GTM-MGLVFQH:35)
  (anonymous function) (https://www.googletagmanager.com/gtm.js?id=GTM-MGLVFQH:89)
  kg (https://www.googletagmanager.com/gtm.js?id=GTM-MGLVFQH:91)
  tg (https://www.googletagmanager.com/gtm.js?id=GTM-MGLVFQH:44)
  ug (https://www.googletagmanager.com/gtm.js?id=GTM-MGLVFQH:44)
[ERROR - 2017-02-24T20:01:43.546Z] WebElementLocator - _handleLocateCommand - Element(s) NOT Found: GAVE UP. Search Stop Time: 1487966503525
[ERROR - 2017-02-24T20:01:47.105Z] Session [085d3f60-facc-11e6-bda2-1734d37c73d6] - page.onError - msg: ReferenceError: Can't find variable: $zopim
[ERROR - 2017-02-24T20:01:47.105Z] Session [085d3f60-facc-11e6-bda2-1734d37c73d6] - page.onError - stack:
  global code (https://cueconnect.com/benefits/#transform-traffic:1)
  insertBefore (:0)
  (anonymous function) (https://www.googletagmanager.com/gtm.js?id=GTM-MGLVFQH:62)
  bi (https://www.googletagmanager.com/gtm.js?id=GTM-MGLVFQH:64)
  Gf (https://www.googletagmanager.com/gtm.js?id=GTM-MGLVFQH:35)
  (anonymous function) (https://www.googletagmanager.com/gtm.js?id=GTM-MGLVFQH:89)
  kg (https://www.googletagmanager.com/gtm.js?id=GTM-MGLVFQH:91)
  tg (https://www.googletagmanager.com/gtm.js?id=GTM-MGLVFQH:44)
  ug (https://www.googletagmanager.com/gtm.js?id=GTM-MGLVFQH:44)
[ERROR - 2017-02-24T20:01:48.645Z] Session [085d3f60-facc-11e6-bda2-1734d37c73d6] - page.onError - msg: ReferenceError: Can't find variable: $zopim
[ERROR - 2017-02-24T20:01:48.645Z] Session [085d3f60-facc-11e6-bda2-1734d37c73d6] - page.onError - stack:
  global code (https://cueconnect.com/:1)
  insertBefore (:0)
  (anonymous function) (https://www.googletagmanager.com/gtm.js?id=GTM-MGLVFQH:62)
  bi (https://www.googletagmanager.com/gtm.js?id=GTM-MGLVFQH:64)
  Gf (https://www.googletagmanager.com/gtm.js?id=GTM-MGLVFQH:35)
  (anonymous function) (https://www.googletagmanager.com/gtm.js?id=GTM-MGLVFQH:89)
  kg (https://www.googletagmanager.com/gtm.js?id=GTM-MGLVFQH:91)
  tg (https://www.googletagmanager.com/gtm.js?id=GTM-MGLVFQH:44)
  ug (https://www.googletagmanager.com/gtm.js?id=GTM-MGLVFQH:44)
[ERROR - 2017-02-24T20:01:51.961Z] Session [085d3f60-facc-11e6-bda2-1734d37c73d6] - page.onError - msg: TypeError: null is not an object (evaluating 'e.getAttribute')
[ERROR - 2017-02-24T20:01:51.962Z] Session [085d3f60-facc-11e6-bda2-1734d37c73d6] - page.onError - stack:
  e (https://p5.zdassets.com/hc/assets/AsyncHtml-d85af5f5fd458e32e2eb.js:1)
  (anonymous function) (https://p5.zdassets.com/hc/assets/hc_enduser-9c5c92cf0992e77af311.js:41)
  each (https://p5.zdassets.com/hc/assets/hc_enduser-9c5c92cf0992e77af311.js:22)
  each (https://p5.zdassets.com/hc/assets/hc_enduser-9c5c92cf0992e77af311.js:22)
  (anonymous function) (https://p5.zdassets.com/hc/assets/hc_enduser-9c5c92cf0992e77af311.js:41)
  webpackJsonp (https://p5.zdassets.com/hc/assets/hc_enduser-9c5c92cf0992e77af311.js:1)
[ERROR - 2017-02-24T20:01:57.525Z] Session [085d3f60-facc-11e6-bda2-1734d37c73d6] - page.onError - msg: ReferenceError: Can't find variable: $zopim
[ERROR - 2017-02-24T20:01:57.526Z] Session [085d3f60-facc-11e6-bda2-1734d37c73d6] - page.onError - stack:
  global code (https://cueconnect.com/:1)
  insertBefore (:0)
  (anonymous function) (https://www.googletagmanager.com/gtm.js?id=GTM-MGLVFQH:62)
  bi (https://www.googletagmanager.com/gtm.js?id=GTM-MGLVFQH:64)
  Gf (https://www.googletagmanager.com/gtm.js?id=GTM-MGLVFQH:35)
  (anonymous function) (https://www.googletagmanager.com/gtm.js?id=GTM-MGLVFQH:89)
  kg (https://www.googletagmanager.com/gtm.js?id=GTM-MGLVFQH:91)
  tg (https://www.googletagmanager.com/gtm.js?id=GTM-MGLVFQH:44)
  ug (https://www.googletagmanager.com/gtm.js?id=GTM-MGLVFQH:44)
[ERROR - 2017-02-24T20:01:59.770Z] Session [085d3f60-facc-11e6-bda2-1734d37c73d6] - page.onError - msg: TypeError: null is not an object (evaluating 'e.getAttribute')
[ERROR - 2017-02-24T20:01:59.770Z] Session [085d3f60-facc-11e6-bda2-1734d37c73d6] - page.onError - stack:
  e (https://p5.zdassets.com/hc/assets/AsyncHtml-d85af5f5fd458e32e2eb.js:1)
  (anonymous function) (https://p5.zdassets.com/hc/assets/hc_enduser-9c5c92cf0992e77af311.js:41)
  each (https://p5.zdassets.com/hc/assets/hc_enduser-9c5c92cf0992e77af311.js:22)
  each (https://p5.zdassets.com/hc/assets/hc_enduser-9c5c92cf0992e77af311.js:22)
  (anonymous function) (https://p5.zdassets.com/hc/assets/hc_enduser-9c5c92cf0992e77af311.js:41)
  webpackJsonp (https://p5.zdassets.com/hc/assets/hc_enduser-9c5c92cf0992e77af311.js:1)
[ERROR - 2017-02-24T20:02:05.106Z] Session [085d3f60-facc-11e6-bda2-1734d37c73d6] - page.onError - msg: ReferenceError: Can't find variable: $zopim
[ERROR - 2017-02-24T20:02:05.106Z] Session [085d3f60-facc-11e6-bda2-1734d37c73d6] - page.onError - stack:
  global code (https://cueconnect.com/:1)
  insertBefore (:0)
  (anonymous function) (https://www.googletagmanager.com/gtm.js?id=GTM-MGLVFQH:62)
  bi (https://www.googletagmanager.com/gtm.js?id=GTM-MGLVFQH:64)
  Gf (https://www.googletagmanager.com/gtm.js?id=GTM-MGLVFQH:35)
  (anonymous function) (https://www.googletagmanager.com/gtm.js?id=GTM-MGLVFQH:89)
  kg (https://www.googletagmanager.com/gtm.js?id=GTM-MGLVFQH:91)
  tg (https://www.googletagmanager.com/gtm.js?id=GTM-MGLVFQH:44)
  ug (https://www.googletagmanager.com/gtm.js?id=GTM-MGLVFQH:44)
[ERROR - 2017-02-24T20:02:06.738Z] Session [085d3f60-facc-11e6-bda2-1734d37c73d6] - page.onError - msg: TypeError: null is not an object (evaluating 'e.getAttribute')
[ERROR - 2017-02-24T20:02:06.739Z] Session [085d3f60-facc-11e6-bda2-1734d37c73d6] - page.onError - stack:
  e (https://p5.zdassets.com/hc/assets/AsyncHtml-d85af5f5fd458e32e2eb.js:1)
  (anonymous function) (https://p5.zdassets.com/hc/assets/hc_enduser-9c5c92cf0992e77af311.js:41)
  each (https://p5.zdassets.com/hc/assets/hc_enduser-9c5c92cf0992e77af311.js:22)
  each (https://p5.zdassets.com/hc/assets/hc_enduser-9c5c92cf0992e77af311.js:22)
  (anonymous function) (https://p5.zdassets.com/hc/assets/hc_enduser-9c5c92cf0992e77af311.js:41)
  webpackJsonp (https://p5.zdassets.com/hc/assets/hc_enduser-9c5c92cf0992e77af311.js:1)
[ERROR - 2017-02-24T20:03:11.744Z] WebElementLocator - _handleLocateCommand - Element(s) NOT Found: GAVE UP. Search Stop Time: 1487966591698
[ERROR - 2017-02-24T20:03:14.592Z] Session [085d3f60-facc-11e6-bda2-1734d37c73d6] - page.onError - msg: ReferenceError: Can't find variable: $zopim
[ERROR - 2017-02-24T20:03:14.592Z] Session [085d3f60-facc-11e6-bda2-1734d37c73d6] - page.onError - stack:
  global code (https://cueconnect.com/:1)
  insertBefore (:0)
  (anonymous function) (https://www.googletagmanager.com/gtm.js?id=GTM-MGLVFQH:62)
  bi (https://www.googletagmanager.com/gtm.js?id=GTM-MGLVFQH:64)
  Gf (https://www.googletagmanager.com/gtm.js?id=GTM-MGLVFQH:35)
  (anonymous function) (https://www.googletagmanager.com/gtm.js?id=GTM-MGLVFQH:89)
  kg (https://www.googletagmanager.com/gtm.js?id=GTM-MGLVFQH:91)
  tg (https://www.googletagmanager.com/gtm.js?id=GTM-MGLVFQH:44)
  ug (https://www.googletagmanager.com/gtm.js?id=GTM-MGLVFQH:44)
[ERROR - 2017-02-24T20:03:18.351Z] Session [085d3f60-facc-11e6-bda2-1734d37c73d6] - page.onError - msg: ReferenceError: Can't find variable: $zopim
[ERROR - 2017-02-24T20:03:18.351Z] Session [085d3f60-facc-11e6-bda2-1734d37c73d6] - page.onError - stack:
  global code (https://cueconnect.com/request-a-demo/:1)
  insertBefore (:0)
  (anonymous function) (https://www.googletagmanager.com/gtm.js?id=GTM-MGLVFQH:62)
  bi (https://www.googletagmanager.com/gtm.js?id=GTM-MGLVFQH:64)
  Gf (https://www.googletagmanager.com/gtm.js?id=GTM-MGLVFQH:35)
  (anonymous function) (https://www.googletagmanager.com/gtm.js?id=GTM-MGLVFQH:89)
  kg (https://www.googletagmanager.com/gtm.js?id=GTM-MGLVFQH:91)
  tg (https://www.googletagmanager.com/gtm.js?id=GTM-MGLVFQH:44)
  ug (https://www.googletagmanager.com/gtm.js?id=GTM-MGLVFQH:44)
[INFO  - 2017-02-24T20:05:46.985Z] SessionManagerReqHand - _cleanupWindowlessSessions - Asynchronous Sessions clean-up phase starting NOW
[INFO  - 2017-02-24T20:05:46.986Z] SessionManagerReqHand - _cleanupWindowlessSessions - Deleted Session 'eee292b0-facb-11e6-a74a-95370edfd445', because windowless
[INFO  - 2017-02-24T20:06:29.831Z] SessionManagerReqHand - _cleanupWindowlessSessions - Asynchronous Sessions clean-up phase starting NOW
[INFO  - 2017-02-24T20:06:29.832Z] SessionManagerReqHand - _cleanupWindowlessSessions - Deleted Session '085d3f60-facc-11e6-bda2-1734d37c73d6', because windowless
